   1              		.cpu arm926ej-s
   2              		.fpu softvfp
   3              		.eabi_attribute 20, 1
   4              		.eabi_attribute 21, 1
   5              		.eabi_attribute 23, 3
   6              		.eabi_attribute 24, 1
   7              		.eabi_attribute 25, 1
   8              		.eabi_attribute 26, 1
   9              		.eabi_attribute 30, 4
  10              		.eabi_attribute 34, 0
  11              		.eabi_attribute 18, 4
  12              		.file	"cyfxslfifousbdscr.c"
  13              		.comm	CyFxUsbDscrAlignBuffer,32,32
  14              		.global	CyFxUSBProductDscr
  15              		.global	CyFxUSBManufactureDscr
  16              		.global	CyFxUSBStringLangIDDscr
  17              		.global	CyFxUSBFSConfigDscr
  18              		.global	CyFxUSBHSConfigDscr
  19              		.global	CyFxUSBSSConfigDscr
  20              		.global	CyFxUSBDeviceQualDscr
  21              		.global	CyFxUSBBOSDscr
  22              		.global	CyFxUSB20DeviceDscr
  23              		.global	CyFxUSB30DeviceDscr
  24              		.section	.rodata
  25              		.align	5
  28              	CyFxUSBProductDscr:
  29 0000 08       		.byte	8
  30 0001 03       		.byte	3
  31 0002 46       		.byte	70
  32 0003 00       		.byte	0
  33 0004 58       		.byte	88
  34 0005 00       		.byte	0
  35 0006 33       		.byte	51
  36 0007 00       		.byte	0
  37 0008 00000000 		.space	24
  37      00000000 
  37      00000000 
  37      00000000 
  37      00000000 
  40              	CyFxUSBManufactureDscr:
  41 0020 10       		.byte	16
  42 0021 03       		.byte	3
  43 0022 43       		.byte	67
  44 0023 00       		.byte	0
  45 0024 79       		.byte	121
  46 0025 00       		.byte	0
  47 0026 70       		.byte	112
  48 0027 00       		.byte	0
  49 0028 72       		.byte	114
  50 0029 00       		.byte	0
  51 002a 65       		.byte	101
  52 002b 00       		.byte	0
  53 002c 73       		.byte	115
  54 002d 00       		.byte	0
  55 002e 73       		.byte	115
  56 002f 00       		.byte	0
  57 0030 00000000 		.space	16
  57      00000000 
  57      00000000 
  57      00000000 
  60              	CyFxUSBStringLangIDDscr:
  61 0040 04       		.byte	4
  62 0041 03       		.byte	3
  63 0042 09       		.byte	9
  64 0043 04       		.byte	4
  65 0044 00000000 		.space	28
  65      00000000 
  65      00000000 
  65      00000000 
  65      00000000 
  68              	CyFxUSBFSConfigDscr:
  69 0060 09       		.byte	9
  70 0061 02       		.byte	2
  71 0062 20       		.byte	32
  72 0063 00       		.byte	0
  73 0064 01       		.byte	1
  74 0065 01       		.byte	1
  75 0066 00       		.byte	0
  76 0067 80       		.byte	-128
  77 0068 32       		.byte	50
  78 0069 09       		.byte	9
  79 006a 04       		.byte	4
  80 006b 00       		.byte	0
  81 006c 00       		.byte	0
  82 006d 02       		.byte	2
  83 006e FF       		.byte	-1
  84 006f 00       		.byte	0
  85 0070 00       		.byte	0
  86 0071 00       		.byte	0
  87 0072 07       		.byte	7
  88 0073 05       		.byte	5
  89 0074 01       		.byte	1
  90 0075 02       		.byte	2
  91 0076 40       		.byte	64
  92 0077 00       		.byte	0
  93 0078 00       		.byte	0
  94 0079 07       		.byte	7
  95 007a 05       		.byte	5
  96 007b 81       		.byte	-127
  97 007c 02       		.byte	2
  98 007d 40       		.byte	64
  99 007e 00       		.byte	0
 100 007f 00       		.byte	0
 103              	CyFxUSBHSConfigDscr:
 104 0080 09       		.byte	9
 105 0081 02       		.byte	2
 106 0082 20       		.byte	32
 107 0083 00       		.byte	0
 108 0084 01       		.byte	1
 109 0085 01       		.byte	1
 110 0086 00       		.byte	0
 111 0087 80       		.byte	-128
 112 0088 32       		.byte	50
 113 0089 09       		.byte	9
 114 008a 04       		.byte	4
 115 008b 00       		.byte	0
 116 008c 00       		.byte	0
 117 008d 02       		.byte	2
 118 008e FF       		.byte	-1
 119 008f 00       		.byte	0
 120 0090 00       		.byte	0
 121 0091 00       		.byte	0
 122 0092 07       		.byte	7
 123 0093 05       		.byte	5
 124 0094 01       		.byte	1
 125 0095 02       		.byte	2
 126 0096 00       		.byte	0
 127 0097 02       		.byte	2
 128 0098 00       		.byte	0
 129 0099 07       		.byte	7
 130 009a 05       		.byte	5
 131 009b 81       		.byte	-127
 132 009c 02       		.byte	2
 133 009d 00       		.byte	0
 134 009e 02       		.byte	2
 135 009f 00       		.byte	0
 138              	CyFxUSBSSConfigDscr:
 139 00a0 09       		.byte	9
 140 00a1 02       		.byte	2
 141 00a2 2C       		.byte	44
 142 00a3 00       		.byte	0
 143 00a4 01       		.byte	1
 144 00a5 01       		.byte	1
 145 00a6 00       		.byte	0
 146 00a7 80       		.byte	-128
 147 00a8 32       		.byte	50
 148 00a9 09       		.byte	9
 149 00aa 04       		.byte	4
 150 00ab 00       		.byte	0
 151 00ac 00       		.byte	0
 152 00ad 02       		.byte	2
 153 00ae FF       		.byte	-1
 154 00af 00       		.byte	0
 155 00b0 00       		.byte	0
 156 00b1 00       		.byte	0
 157 00b2 07       		.byte	7
 158 00b3 05       		.byte	5
 159 00b4 01       		.byte	1
 160 00b5 02       		.byte	2
 161 00b6 00       		.byte	0
 162 00b7 04       		.byte	4
 163 00b8 00       		.byte	0
 164 00b9 06       		.byte	6
 165 00ba 30       		.byte	48
 166 00bb 00       		.byte	0
 167 00bc 00       		.byte	0
 168 00bd 00       		.byte	0
 169 00be 00       		.byte	0
 170 00bf 07       		.byte	7
 171 00c0 05       		.byte	5
 172 00c1 81       		.byte	-127
 173 00c2 02       		.byte	2
 174 00c3 00       		.byte	0
 175 00c4 04       		.byte	4
 176 00c5 00       		.byte	0
 177 00c6 06       		.byte	6
 178 00c7 30       		.byte	48
 179 00c8 00       		.byte	0
 180 00c9 00       		.byte	0
 181 00ca 00       		.byte	0
 182 00cb 00       		.byte	0
 183 00cc 00000000 		.space	20
 183      00000000 
 183      00000000 
 183      00000000 
 183      00000000 
 186              	CyFxUSBDeviceQualDscr:
 187 00e0 0A       		.byte	10
 188 00e1 06       		.byte	6
 189 00e2 00       		.byte	0
 190 00e3 02       		.byte	2
 191 00e4 00       		.byte	0
 192 00e5 00       		.byte	0
 193 00e6 00       		.byte	0
 194 00e7 40       		.byte	64
 195 00e8 01       		.byte	1
 196 00e9 00       		.byte	0
 197 00ea 00000000 		.space	22
 197      00000000 
 197      00000000 
 197      00000000 
 197      00000000 
 200              	CyFxUSBBOSDscr:
 201 0100 05       		.byte	5
 202 0101 0F       		.byte	15
 203 0102 16       		.byte	22
 204 0103 00       		.byte	0
 205 0104 02       		.byte	2
 206 0105 07       		.byte	7
 207 0106 10       		.byte	16
 208 0107 02       		.byte	2
 209 0108 02       		.byte	2
 210 0109 00       		.byte	0
 211 010a 00       		.byte	0
 212 010b 00       		.byte	0
 213 010c 0A       		.byte	10
 214 010d 10       		.byte	16
 215 010e 03       		.byte	3
 216 010f 00       		.byte	0
 217 0110 0E       		.byte	14
 218 0111 00       		.byte	0
 219 0112 03       		.byte	3
 220 0113 00       		.byte	0
 221 0114 00       		.byte	0
 222 0115 00       		.byte	0
 223 0116 00000000 		.space	10
 223      00000000 
 223      0000
 226              	CyFxUSB20DeviceDscr:
 227 0120 12       		.byte	18
 228 0121 01       		.byte	1
 229 0122 10       		.byte	16
 230 0123 02       		.byte	2
 231 0124 00       		.byte	0
 232 0125 00       		.byte	0
 233 0126 00       		.byte	0
 234 0127 40       		.byte	64
 235 0128 B4       		.byte	-76
 236 0129 04       		.byte	4
 237 012a F1       		.byte	-15
 238 012b 00       		.byte	0
 239 012c 00       		.byte	0
 240 012d 00       		.byte	0
 241 012e 01       		.byte	1
 242 012f 02       		.byte	2
 243 0130 00       		.byte	0
 244 0131 01       		.byte	1
 245 0132 00000000 		.space	14
 245      00000000 
 245      00000000 
 245      0000
 248              	CyFxUSB30DeviceDscr:
 249 0140 12       		.byte	18
 250 0141 01       		.byte	1
 251 0142 00       		.byte	0
 252 0143 03       		.byte	3
 253 0144 00       		.byte	0
 254 0145 00       		.byte	0
 255 0146 00       		.byte	0
 256 0147 09       		.byte	9
 257 0148 B4       		.byte	-76
 258 0149 04       		.byte	4
 259 014a F1       		.byte	-15
 260 014b 00       		.byte	0
 261 014c 00       		.byte	0
 262 014d 00       		.byte	0
 263 014e 01       		.byte	1
 264 014f 02       		.byte	2
 265 0150 00       		.byte	0
 266 0151 01       		.byte	1
 267 0152 00000000 		.ident	"GCC: (Sourcery CodeBench Lite 2013.11-24) 4.8.1"
 267      00000000 
 267      00000000 
 267      0000
DEFINED SYMBOLS
                            *ABS*:00000000 cyfxslfifousbdscr.c
                            *COM*:00000020 CyFxUsbDscrAlignBuffer
C:\Users\NEGU93\AppData\Local\Temp\ccI2tclq.s:28     .rodata:00000000 CyFxUSBProductDscr
C:\Users\NEGU93\AppData\Local\Temp\ccI2tclq.s:40     .rodata:00000020 CyFxUSBManufactureDscr
C:\Users\NEGU93\AppData\Local\Temp\ccI2tclq.s:60     .rodata:00000040 CyFxUSBStringLangIDDscr
C:\Users\NEGU93\AppData\Local\Temp\ccI2tclq.s:68     .rodata:00000060 CyFxUSBFSConfigDscr
C:\Users\NEGU93\AppData\Local\Temp\ccI2tclq.s:103    .rodata:00000080 CyFxUSBHSConfigDscr
C:\Users\NEGU93\AppData\Local\Temp\ccI2tclq.s:138    .rodata:000000a0 CyFxUSBSSConfigDscr
C:\Users\NEGU93\AppData\Local\Temp\ccI2tclq.s:186    .rodata:000000e0 CyFxUSBDeviceQualDscr
C:\Users\NEGU93\AppData\Local\Temp\ccI2tclq.s:200    .rodata:00000100 CyFxUSBBOSDscr
C:\Users\NEGU93\AppData\Local\Temp\ccI2tclq.s:226    .rodata:00000120 CyFxUSB20DeviceDscr
C:\Users\NEGU93\AppData\Local\Temp\ccI2tclq.s:248    .rodata:00000140 CyFxUSB30DeviceDscr
C:\Users\NEGU93\AppData\Local\Temp\ccI2tclq.s:25     .rodata:00000000 $d

NO UNDEFINED SYMBOLS
