Release 14.7 Map P.20131013 (lin64)
Xilinx Mapping Report File for Design 'slaveFIFO2b_fpga_top'

Design Information
------------------
Command Line   : map -intstyle ise -p xc6slx45t-fgg484-3 -w -logic_opt off -ol
high -t 1 -xt 0 -register_duplication off -r 4 -global_opt off -mt off -ir off
-pr off -lc off -power off -o slaveFIFO2b_fpga_top_map.ncd
slaveFIFO2b_fpga_top.ngd slaveFIFO2b_fpga_top.pcf 
Target Device  : xc6slx45t
Target Package : fgg484
Target Speed   : -3
Mapper Version : spartan6 -- $Revision: 1.55 $
Mapped Date    : Tue Feb 12 16:46:04 2019

Design Summary
--------------
Number of errors:      0
Number of warnings:    1
Slice Logic Utilization:
  Number of Slice Registers:                   287 out of  54,576    1%
    Number used as Flip Flops:                 287
    Number used as Latches:                      0
    Number used as Latch-thrus:                  0
    Number used as AND/OR logics:                0
  Number of Slice LUTs:                        313 out of  27,288    1%
    Number used as logic:                      311 out of  27,288    1%
      Number using O6 output only:             262
      Number using O5 output only:               3
      Number using O5 and O6:                   46
      Number used as ROM:                        0
    Number used as Memory:                       0 out of   6,408    0%
    Number used exclusively as route-thrus:      2
      Number with same-slice register load:      2
      Number with same-slice carry load:         0
      Number with other load:                    0

Slice Logic Distribution:
  Number of occupied Slices:                   155 out of   6,822    2%
  Number of MUXCYs used:                       120 out of  13,644    1%
  Number of LUT Flip Flop pairs used:          377
    Number with an unused Flip Flop:           104 out of     377   27%
    Number with an unused LUT:                  64 out of     377   16%
    Number of fully used LUT-FF pairs:         209 out of     377   55%
    Number of unique control sets:               8
    Number of slice register sites lost
      to control set restrictions:              25 out of  54,576    1%

  A LUT Flip Flop pair for this architecture represents one LUT paired with
  one Flip Flop within a slice.  A control set is a unique combination of
  clock, reset, set, and enable signals for a registered element.
  The Slice Logic Distribution report is not meaningful if the design is
  over-mapped for a non-slice resource or if Placement fails.

IO Utilization:
  Number of bonded IOBs:                        52 out of     296   17%
    Number of LOCed IOBs:                       50 out of      52   96%
    IOB Flip Flops:                              1

Specific Feature Utilization:
  Number of RAMB16BWERs:                         0 out of     116    0%
  Number of RAMB8BWERs:                          1 out of     232    1%
  Number of BUFIO2/BUFIO2_2CLKs:                 1 out of      32    3%
    Number used as BUFIO2s:                      1
    Number used as BUFIO2_2CLKs:                 0
  Number of BUFIO2FB/BUFIO2FB_2CLKs:             1 out of      32    3%
    Number used as BUFIO2FBs:                    1
    Number used as BUFIO2FB_2CLKs:               0
  Number of BUFG/BUFGMUXs:                       2 out of      16   12%
    Number used as BUFGs:                        2
    Number used as BUFGMUX:                      0
  Number of DCM/DCM_CLKGENs:                     0 out of       8    0%
  Number of ILOGIC2/ISERDES2s:                   0 out of     376    0%
  Number of IODELAY2/IODRP2/IODRP2_MCBs:         0 out of     376    0%
  Number of OLOGIC2/OSERDES2s:                   1 out of     376    1%
    Number used as OLOGIC2s:                     1
    Number used as OSERDES2s:                    0
  Number of BSCANs:                              0 out of       4    0%
  Number of BUFHs:                               0 out of     256    0%
  Number of BUFPLLs:                             0 out of       8    0%
  Number of BUFPLL_MCBs:                         0 out of       4    0%
  Number of DSP48A1s:                            0 out of      58    0%
  Number of GTPA1_DUALs:                         0 out of       2    0%
  Number of ICAPs:                               0 out of       1    0%
  Number of MCBs:                                0 out of       2    0%
  Number of PCIE_A1s:                            0 out of       1    0%
  Number of PCILOGICSEs:                         0 out of       2    0%
  Number of PLL_ADVs:                            1 out of       4   25%
  Number of PMVs:                                0 out of       1    0%
  Number of STARTUPs:                            0 out of       1    0%
  Number of SUSPEND_SYNCs:                       0 out of       1    0%

Average Fanout of Non-Clock Nets:                4.27

Peak Memory Usage:  801 MB
Total REAL time to MAP completion:  24 secs 
Total CPU time to MAP completion:   20 secs 

Table of Contents
-----------------
Section 1 - Errors
Section 2 - Warnings
Section 3 - Informational
Section 4 - Removed Logic Summary
Section 5 - Removed Logic
Section 6 - IOB Properties
Section 7 - RPMs
Section 8 - Guide Report
Section 9 - Area Group and Partition Summary
Section 10 - Timing Report
Section 11 - Configuration String Information
Section 12 - Control Set Information
Section 13 - Utilization by Hierarchy

Section 1 - Errors
------------------

Section 2 - Warnings
--------------------
WARNING:PhysDesignRules:2410 - This design is using one or more 9K Block RAMs
   (RAMB8BWER).  9K Block RAM initialization data, both user defined and
   default, may be incorrect and should not be used.  For more information,
   please reference Xilinx Answer Record 39999.

Section 3 - Informational
-------------------------
INFO:MapLib:562 - No environment variables are currently set.
INFO:LIT:244 - All of the single ended outputs in this design are using slew
   rate limited output drivers. The delay on speed critical single ended outputs
   can be dramatically reduced by designating them as fast outputs.
INFO:Pack:1716 - Initializing temperature to 85.000 Celsius. (default - Range:
   0.000 to 85.000 Celsius)
INFO:Pack:1720 - Initializing voltage to 1.140 Volts. (default - Range: 1.140 to
   1.260 Volts)
INFO:Timing:3386 - Intersecting Constraints found and resolved.  For more information, see the TSI report.  Please consult the Xilinx
   Command Line Tools User Guide for information on generating a TSI report.
INFO:Map:215 - The Interim Design Summary has been generated in the MAP Report
   (.mrp).
INFO:Place:834 - Only a subset of IOs are locked. Out of 52 IOs, 50 are locked
   and 2 are not locked. If you would like to print the names of these IOs,
   please set the environment variable XIL_PAR_DESIGN_CHECK_VERBOSE to 1. 
INFO:Pack:1650 - Map created a placed design.

Section 4 - Removed Logic Summary
---------------------------------
   2 block(s) optimized away

Section 5 - Removed Logic
-------------------------

Optimized Block(s):
TYPE 		BLOCK
GND 		XST_GND
VCC 		XST_VCC

To enable printing of redundant blocks removed and signals merged, set the
detailed map report option and rerun map.

Section 6 - IOB Properties
--------------------------

+---------------------------------------------------------------------------------------------------------------------------------------------------------+
| IOB Name                           | Type             | Direction | IO Standard          | Diff  | Drive    | Slew | Reg (s)      | Resistor | IOB      |
|                                    |                  |           |                      | Term  | Strength | Rate |              |          | Delay    |
+---------------------------------------------------------------------------------------------------------------------------------------------------------+
| PMODE<0>                           | IOB              | OUTPUT    | LVCMOS25             |       | 12       | SLOW |              |          |          |
| PMODE<1>                           | IOB              | OUTPUT    | LVCMOS25             |       | 12       | SLOW |              |          |          |
| RESET                              | IOB              | OUTPUT    | LVCMOS25             |       | 12       | SLOW |              |          |          |
| clk                                | IOB              | INPUT     | LVCMOS25             |       |          |      |              |          |          |
| clk_out                            | IOB              | OUTPUT    | LVCMOS25             |       | 12       | SLOW | ODDR         |          |          |
| faddr<0>                           | IOB              | OUTPUT    | LVCMOS25             |       | 12       | SLOW |              |          |          |
| faddr<1>                           | IOB              | OUTPUT    | LVCMOS25             |       | 12       | SLOW |              |          |          |
| fdata<0>                           | IOB              | BIDIR     | LVCMOS25             |       | 12       | SLOW |              |          |          |
| fdata<1>                           | IOB              | BIDIR     | LVCMOS25             |       | 12       | SLOW |              |          |          |
| fdata<2>                           | IOB              | BIDIR     | LVCMOS25             |       | 12       | SLOW |              |          |          |
| fdata<3>                           | IOB              | BIDIR     | LVCMOS25             |       | 12       | SLOW |              |          |          |
| fdata<4>                           | IOB              | BIDIR     | LVCMOS25             |       | 12       | SLOW |              |          |          |
| fdata<5>                           | IOB              | BIDIR     | LVCMOS25             |       | 12       | SLOW |              |          |          |
| fdata<6>                           | IOB              | BIDIR     | LVCMOS25             |       | 12       | SLOW |              |          |          |
| fdata<7>                           | IOB              | BIDIR     | LVCMOS25             |       | 12       | SLOW |              |          |          |
| fdata<8>                           | IOB              | BIDIR     | LVCMOS25             |       | 12       | SLOW |              |          |          |
| fdata<9>                           | IOB              | BIDIR     | LVCMOS25             |       | 12       | SLOW |              |          |          |
| fdata<10>                          | IOB              | BIDIR     | LVCMOS25             |       | 12       | SLOW |              |          |          |
| fdata<11>                          | IOB              | BIDIR     | LVCMOS25             |       | 12       | SLOW |              |          |          |
| fdata<12>                          | IOB              | BIDIR     | LVCMOS25             |       | 12       | SLOW |              |          |          |
| fdata<13>                          | IOB              | BIDIR     | LVCMOS25             |       | 12       | SLOW |              |          |          |
| fdata<14>                          | IOB              | BIDIR     | LVCMOS25             |       | 12       | SLOW |              |          |          |
| fdata<15>                          | IOB              | BIDIR     | LVCMOS25             |       | 12       | SLOW |              |          |          |
| fdata<16>                          | IOB              | BIDIR     | LVCMOS25             |       | 12       | SLOW |              |          |          |
| fdata<17>                          | IOB              | BIDIR     | LVCMOS25             |       | 12       | SLOW |              |          |          |
| fdata<18>                          | IOB              | BIDIR     | LVCMOS25             |       | 12       | SLOW |              |          |          |
| fdata<19>                          | IOB              | BIDIR     | LVCMOS25             |       | 12       | SLOW |              |          |          |
| fdata<20>                          | IOB              | BIDIR     | LVCMOS25             |       | 12       | SLOW |              |          |          |
| fdata<21>                          | IOB              | BIDIR     | LVCMOS25             |       | 12       | SLOW |              |          |          |
| fdata<22>                          | IOB              | BIDIR     | LVCMOS25             |       | 12       | SLOW |              |          |          |
| fdata<23>                          | IOB              | BIDIR     | LVCMOS25             |       | 12       | SLOW |              |          |          |
| fdata<24>                          | IOB              | BIDIR     | LVCMOS25             |       | 12       | SLOW |              |          |          |
| fdata<25>                          | IOB              | BIDIR     | LVCMOS25             |       | 12       | SLOW |              |          |          |
| fdata<26>                          | IOB              | BIDIR     | LVCMOS25             |       | 12       | SLOW |              |          |          |
| fdata<27>                          | IOB              | BIDIR     | LVCMOS25             |       | 12       | SLOW |              |          |          |
| fdata<28>                          | IOB              | BIDIR     | LVCMOS25             |       | 12       | SLOW |              |          |          |
| fdata<29>                          | IOB              | BIDIR     | LVCMOS25             |       | 12       | SLOW |              |          |          |
| fdata<30>                          | IOB              | BIDIR     | LVCMOS25             |       | 12       | SLOW |              |          |          |
| fdata<31>                          | IOB              | BIDIR     | LVCMOS25             |       | 12       | SLOW |              |          |          |
| flaga                              | IOB              | INPUT     | LVCMOS25             |       |          |      |              |          |          |
| flagb                              | IOB              | INPUT     | LVCMOS25             |       |          |      |              |          |          |
| flagc                              | IOB              | INPUT     | LVCMOS25             |       |          |      |              |          |          |
| flagd                              | IOB              | INPUT     | LVCMOS25             |       |          |      |              |          |          |
| mode_p<0>                          | IOB              | INPUT     | LVCMOS25             |       |          |      |              |          |          |
| mode_p<1>                          | IOB              | INPUT     | LVCMOS25             |       |          |      |              |          |          |
| mode_p<2>                          | IOB              | INPUT     | LVCMOS25             |       |          |      |              |          |          |
| pktend                             | IOB              | OUTPUT    | LVCMOS25             |       | 12       | SLOW |              |          |          |
| reset_in_n                         | IOB              | INPUT     | LVCMOS25             |       |          |      |              |          |          |
| slcs                               | IOB              | OUTPUT    | LVCMOS25             |       | 12       | SLOW |              |          |          |
| sloe                               | IOB              | OUTPUT    | LVCMOS25             |       | 12       | SLOW |              |          |          |
| slrd                               | IOB              | OUTPUT    | LVCMOS25             |       | 12       | SLOW |              |          |          |
| slwr                               | IOB              | OUTPUT    | LVCMOS25             |       | 12       | SLOW |              |          |          |
+---------------------------------------------------------------------------------------------------------------------------------------------------------+

Section 7 - RPMs
----------------

Section 8 - Guide Report
------------------------
Guide not run on this design.

Section 9 - Area Group and Partition Summary
--------------------------------------------

Partition Implementation Status
-------------------------------

  No Partitions were found in this design.

-------------------------------

Area Group Information
----------------------

  No area groups were found in this design.

----------------------

Section 10 - Timing Report
--------------------------
A logic-level (pre-route) timing report can be generated by using Xilinx static
timing analysis tools, Timing Analyzer (GUI) or TRCE (command line), with the
mapped NCD and PCF files. Please note that this timing report will be generated
using estimated delay information. For accurate numbers, please generate a
timing report with the post Place and Route NCD file.

For more information about the Timing Analyzer, consult the Xilinx Timing
Analyzer Reference Manual; for more information about TRCE, consult the Xilinx
Command Line Tools User Guide "TRACE" chapter.

Section 11 - Configuration String Details
-----------------------------------------
Use the "-detail" map option to print out Configuration Strings

Section 12 - Control Set Information
------------------------------------
Use the "-detail" map option to print out Control Set Information.

Section 13 - Utilization by Hierarchy
-------------------------------------
Use the "-detail" map option to print out the Utilization by Hierarchy section.
