
****** PlanAhead v14.7 (64-bit)
  **** Build 321239 by xbuild on Fri Sep 27 19:24:36 MDT 2013
    ** Copyright 1986-1999, 2001-2013 Xilinx, Inc. All Rights Reserved.

INFO: [Common 17-78] Attempting to get a license: PlanAhead
WARNING: [Common 17-301] Failed to get a license: PlanAhead
INFO: [Device 21-36] Loading parts and site information from /opt/Xilinx/14.7/ISE_DS/PlanAhead/data/parts/arch.xml
Parsing RTL primitives file [/opt/Xilinx/14.7/ISE_DS/PlanAhead/data/parts/xilinx/rtl/prims/rtl_prims.xml]
Finished parsing RTL primitives file [/opt/Xilinx/14.7/ISE_DS/PlanAhead/data/parts/xilinx/rtl/prims/rtl_prims.xml]
start_gui
INFO: [Common 17-78] Attempting to get a license: PlanAhead
WARNING: [Common 17-301] Failed to get a license: PlanAhead
source /home/barrachina/Documents/MIMAC/CYUSB3KIT-003_with_SP605_xilinx/fpga_source_code/tutorial/pa.fromNetlist.tcl
# create_project -name tutorial -dir "/home/barrachina/Documents/MIMAC/CYUSB3KIT-003_with_SP605_xilinx/fpga_source_code/tutorial/planAhead_run_1" -part xc6slx45tfgg484-3
# set_property design_mode GateLvl [get_property srcset [current_run -impl]]
# set_property edif_top_file "/home/barrachina/Documents/MIMAC/CYUSB3KIT-003_with_SP605_xilinx/fpga_source_code/tutorial/counter.ngc" [ get_property srcset [ current_run ] ]
# add_files -norecurse { {/home/barrachina/Documents/MIMAC/CYUSB3KIT-003_with_SP605_xilinx/fpga_source_code/tutorial} }
# set_property target_constrs_file "counter.ucf" [current_fileset -constrset]
Adding file '/home/barrachina/Documents/MIMAC/CYUSB3KIT-003_with_SP605_xilinx/fpga_source_code/tutorial/counter.ucf' to fileset 'constrs_1'
# add_files [list {counter.ucf}] -fileset [get_property constrset [current_run]]
# link_design
Design is defaulting to srcset: sources_1
Design is defaulting to constrset: constrs_1
Design is defaulting to project part: xc6slx45tfgg484-3
Release 14.7 - ngc2edif P.20131013 (lin64)
Copyright (c) 1995-2013 Xilinx, Inc.  All rights reserved.

Release 14.7 - ngc2edif P.20131013 (lin64)
Copyright (c) 1995-2013 Xilinx, Inc.  All rights reserved.
Reading design counter.ngc ...
WARNING:NetListWriters:298 - No output is written to counter.xncf, ignored.
Processing design ...
   Preping design's networks ...
   Preping design's macros ...
  finished :Prep
Writing EDIF netlist file counter.edif ...
ngc2edif: Total memory usage is 104468 kilobytes

Parsing EDIF File [./planAhead_run_1/tutorial.data/cache/counter_ngc_5e5160a3.edif]
Finished Parsing EDIF File [./planAhead_run_1/tutorial.data/cache/counter_ngc_5e5160a3.edif]
INFO: [Netlist 29-17] Analyzing 1 Unisim elements for replacement
INFO: [Netlist 29-28] Unisim Transformation completed in 0 CPU seconds
Loading clock regions from /opt/Xilinx/14.7/ISE_DS/PlanAhead/data/parts/xilinx/spartan6/spartan6lxt/xc6slx45t/ClockRegion.xml
Loading clock buffers from /opt/Xilinx/14.7/ISE_DS/PlanAhead/data/parts/xilinx/spartan6/spartan6lxt/xc6slx45t/ClockBuffers.xml
Loading package pin functions from /opt/Xilinx/14.7/ISE_DS/PlanAhead/data/parts/xilinx/spartan6/PinFunctions.xml...
Loading package from /opt/Xilinx/14.7/ISE_DS/PlanAhead/data/parts/xilinx/spartan6/spartan6lxt/xc6slx45t/fgg484/Package.xml
Loading io standards from /opt/Xilinx/14.7/ISE_DS/PlanAhead/data/./parts/xilinx/spartan6/IOStandards.xml
Loading device configuration modes from /opt/Xilinx/14.7/ISE_DS/PlanAhead/data/parts/xilinx/spartan6/ConfigModes.xml
Loading list of drcs for the architecture : /opt/Xilinx/14.7/ISE_DS/PlanAhead/data/./parts/xilinx/spartan6/drc.xml
Parsing UCF File [/home/barrachina/Documents/MIMAC/CYUSB3KIT-003_with_SP605_xilinx/fpga_source_code/tutorial/counter.ucf]
Finished Parsing UCF File [/home/barrachina/Documents/MIMAC/CYUSB3KIT-003_with_SP605_xilinx/fpga_source_code/tutorial/counter.ucf]
INFO: [Project 1-111] Unisim Transformation Summary:
  A total of 1 instances were transformed.
  BUFGP => BUFGP (IBUF, BUFG): 1 instances

Phase 0 | Netlist Checksum: eada5256
link_design: Time (s): cpu = 00:00:16 ; elapsed = 00:00:16 . Memory (MB): peak = 2838.691 ; gain = 169.023
INFO: [Common 17-78] Attempting to get a license: PlanAhead
WARNING: [Common 17-301] Failed to get a license: PlanAhead
INFO: [Common 17-78] Attempting to get a license: PlanAhead
INFO: [Common 17-290] Got license for PlanAhead
startgroup
set_property package_pin D17 [get_ports {COUNT_OUT[0]}]
endgroup
set_property package_pin "" [get_ports [list  {COUNT_OUT[2]}]]
startgroup
set_property package_pin AB4 [get_ports {COUNT_OUT[1]}]
endgroup
set_property package_pin "" [get_ports [list  {COUNT_OUT[3]}]]
startgroup
set_property package_pin D21 [get_ports {COUNT_OUT[2]}]
endgroup
startgroup
set_property package_pin W15 [get_ports {COUNT_OUT[3]}]
endgroup
startgroup
set_property package_pin AB13 [get_ports CLOCK]
endgroup
startgroup
set_property package_pin C18 [get_ports DIRECTION]
endgroup
save_constraints
exit
